Copyright 1986-2022 Xilinx, Inc. All Rights Reserved. Copyright 2022-2025 Advanced Micro Devices, Inc. All Rights Reserved.
---------------------------------------------------------------------------------------------------------------------------------------------
| Tool Version : Vivado v.2025.1 (win64) Build 6140274 Thu May 22 00:12:29 MDT 2025
| Date         : Thu Mar 19 22:37:33 2026
| Host         : Bonita running 64-bit major release  (build 9200)
| Command      : report_control_sets -verbose -file basys3_wrapper_control_sets_placed.rpt
| Design       : basys3_wrapper
| Device       : xc7a35t
---------------------------------------------------------------------------------------------------------------------------------------------

Control Set Information

Table of Contents
-----------------
1. Summary
2. Histogram
3. Flip-Flop Distribution
4. Detailed Control Set Information

1. Summary
----------

+----------------------------------------------------------+-------+
|                          Status                          | Count |
+----------------------------------------------------------+-------+
| Total control sets                                       |    10 |
|    Minimum number of control sets                        |    10 |
|    Addition due to synthesis replication                 |     0 |
|    Addition due to physical synthesis replication        |     0 |
| Unused register locations in slices containing registers |     0 |
+----------------------------------------------------------+-------+
* Control sets can be merged at opt_design using control_set_merge or merge_equivalent_drivers
** Run report_qor_suggestions for automated merging and remapping suggestions


2. Histogram
------------

+--------------------+-------+
|       Fanout       | Count |
+--------------------+-------+
| Total control sets |    10 |
| >= 0 to < 4        |     0 |
| >= 4 to < 6        |     0 |
| >= 6 to < 8        |     0 |
| >= 8 to < 10       |     8 |
| >= 10 to < 12      |     0 |
| >= 12 to < 14      |     0 |
| >= 14 to < 16      |     0 |
| >= 16              |     2 |
+--------------------+-------+
* Control sets can be remapped at either synth_design or opt_design


3. Flip-Flop Distribution
-------------------------

+--------------+-----------------------+------------------------+-----------------+--------------+
| Clock Enable | Synchronous Set/Reset | Asynchronous Set/Reset | Total Registers | Total Slices |
+--------------+-----------------------+------------------------+-----------------+--------------+
| No           | No                    | No                     |               0 |            0 |
| No           | No                    | Yes                    |              96 |           35 |
| No           | Yes                   | No                     |               0 |            0 |
| Yes          | No                    | No                     |               0 |            0 |
| Yes          | No                    | Yes                    |             120 |           52 |
| Yes          | Yes                   | No                     |               0 |            0 |
+--------------+-----------------------+------------------------+-----------------+--------------+


4. Detailed Control Set Information
-----------------------------------

+----------------+-----------------------------------+------------------+------------------+----------------+--------------+
|  Clock Signal  |           Enable Signal           | Set/Reset Signal | Slice Load Count | Bel Load Count | Bels / Slice |
+----------------+-----------------------------------+------------------+------------------+----------------+--------------+
|  clk_IBUF_BUFG | u_core/u_memory/mem[5][7]_i_1_n_0 | btnU_IBUF        |                2 |              8 |         4.00 |
|  clk_IBUF_BUFG | u_core/u_memory/mem[4][7]_i_1_n_0 | btnU_IBUF        |                3 |              8 |         2.67 |
|  clk_IBUF_BUFG | u_core/u_memory/mem[2][7]_i_1_n_0 | btnU_IBUF        |                6 |              8 |         1.33 |
|  clk_IBUF_BUFG | u_core/u_memory/mem               | btnU_IBUF        |                2 |              8 |         4.00 |
|  clk_IBUF_BUFG | u_core/u_memory/mem[6][7]_i_1_n_0 | btnU_IBUF        |                3 |              8 |         2.67 |
|  clk_IBUF_BUFG | u_core/u_memory/mem[3][7]_i_1_n_0 | btnU_IBUF        |                5 |              8 |         1.60 |
|  clk_IBUF_BUFG | u_core/u_memory/mem[7][7]_i_1_n_0 | btnU_IBUF        |                2 |              8 |         4.00 |
|  clk_IBUF_BUFG | u_core/u_memory/mem[1][7]_i_1_n_0 | btnU_IBUF        |                2 |              8 |         4.00 |
|  clk_IBUF_BUFG | u_core/u_mmu/E[0]                 | btnU_IBUF        |               27 |             56 |         2.07 |
|  clk_IBUF_BUFG |                                   | btnU_IBUF        |               35 |             96 |         2.74 |
+----------------+-----------------------------------+------------------+------------------+----------------+--------------+


